CRITICAL - 2023-04-12 01:54:12 --> Undefined property: App\Controllers\Profile::$form_validation
#0 C:\laragon\www\CIujianonline\app\Controllers\Profile.php(86): CodeIgniter\Debug\Exceptions->errorHandler(2, 'Undefined prope...', 'C:\\laragon\\www\\...', 86)
#1 C:\laragon\www\CIujianonline\system\CodeIgniter.php(832): App\Controllers\Profile->actpassword()
#2 C:\laragon\www\CIujianonline\system\CodeIgniter.php(419): CodeIgniter\CodeIgniter->runController(Object(App\Controllers\Profile))
#3 C:\laragon\www\CIujianonline\system\CodeIgniter.php(326): CodeIgniter\CodeIgniter->handleRequest(NULL, Object(Config\Cache), false)
#4 C:\laragon\www\CIujianonline\public\index.php(37): CodeIgniter\CodeIgniter->run()
#5 {main}
CRITICAL - 2023-04-12 01:59:36 --> Undefined property: CodeIgniter\View\View::$session
#0 C:\laragon\www\CIujianonline\app\Views\users\password.php(22): CodeIgniter\Debug\Exceptions->errorHandler(2, 'Undefined prope...', 'C:\\laragon\\www\\...', 22)
#1 C:\laragon\www\CIujianonline\system\View\View.php(210): include('C:\\laragon\\www\\...')
#2 C:\laragon\www\CIujianonline\system\View\View.php(213): CodeIgniter\View\View->CodeIgniter\View\{closure}()
#3 C:\laragon\www\CIujianonline\system\Common.php(1089): CodeIgniter\View\View->render('users/password', Array, true)
#4 C:\laragon\www\CIujianonline\app\Controllers\Profile.php(51): view('users/password')
#5 C:\laragon\www\CIujianonline\system\CodeIgniter.php(832): App\Controllers\Profile->password()
#6 C:\laragon\www\CIujianonline\system\CodeIgniter.php(419): CodeIgniter\CodeIgniter->runController(Object(App\Controllers\Profile))
#7 C:\laragon\www\CIujianonline\system\CodeIgniter.php(326): CodeIgniter\CodeIgniter->handleRequest(NULL, Object(Config\Cache), false)
#8 C:\laragon\www\CIujianonline\public\index.php(37): CodeIgniter\CodeIgniter->run()
#9 {main}
CRITICAL - 2023-04-12 01:59:50 --> Undefined variable $session
#0 C:\laragon\www\CIujianonline\app\Views\users\password.php(22): CodeIgniter\Debug\Exceptions->errorHandler(2, 'Undefined varia...', 'C:\\laragon\\www\\...', 22)
#1 C:\laragon\www\CIujianonline\system\View\View.php(210): include('C:\\laragon\\www\\...')
#2 C:\laragon\www\CIujianonline\system\View\View.php(213): CodeIgniter\View\View->CodeIgniter\View\{closure}()
#3 C:\laragon\www\CIujianonline\system\Common.php(1089): CodeIgniter\View\View->render('users/password', Array, true)
#4 C:\laragon\www\CIujianonline\app\Controllers\Profile.php(51): view('users/password')
#5 C:\laragon\www\CIujianonline\system\CodeIgniter.php(832): App\Controllers\Profile->password()
#6 C:\laragon\www\CIujianonline\system\CodeIgniter.php(419): CodeIgniter\CodeIgniter->runController(Object(App\Controllers\Profile))
#7 C:\laragon\www\CIujianonline\system\CodeIgniter.php(326): CodeIgniter\CodeIgniter->handleRequest(NULL, Object(Config\Cache), false)
#8 C:\laragon\www\CIujianonline\public\index.php(37): CodeIgniter\CodeIgniter->run()
#9 {main}
CRITICAL - 2023-04-12 01:59:59 --> Call to undefined method CodeIgniter\Session\Session::flashdata()
#0 C:\laragon\www\CIujianonline\system\View\View.php(210): include()
#1 C:\laragon\www\CIujianonline\system\View\View.php(213): CodeIgniter\View\View->CodeIgniter\View\{closure}()
#2 C:\laragon\www\CIujianonline\system\Common.php(1089): CodeIgniter\View\View->render('users/password', Array, true)
#3 C:\laragon\www\CIujianonline\app\Controllers\Profile.php(51): view('users/password')
#4 C:\laragon\www\CIujianonline\system\CodeIgniter.php(832): App\Controllers\Profile->password()
#5 C:\laragon\www\CIujianonline\system\CodeIgniter.php(419): CodeIgniter\CodeIgniter->runController(Object(App\Controllers\Profile))
#6 C:\laragon\www\CIujianonline\system\CodeIgniter.php(326): CodeIgniter\CodeIgniter->handleRequest(NULL, Object(Config\Cache), false)
#7 C:\laragon\www\CIujianonline\public\index.php(37): CodeIgniter\CodeIgniter->run()
#8 {main}
CRITICAL - 2023-04-12 02:03:39 --> syntax error, unexpected identifier "Password", expecting "," or ";"
#0 C:\laragon\www\CIujianonline\system\Router\Router.php(175): CodeIgniter\Router\Router->autoRoute('profile/passwor...')
#1 C:\laragon\www\CIujianonline\system\CodeIgniter.php(726): CodeIgniter\Router\Router->handle('profile/passwor...')
#2 C:\laragon\www\CIujianonline\system\CodeIgniter.php(368): CodeIgniter\CodeIgniter->tryToRouteIt(Object(CodeIgniter\Router\RouteCollection))
#3 C:\laragon\www\CIujianonline\system\CodeIgniter.php(326): CodeIgniter\CodeIgniter->handleRequest(NULL, Object(Config\Cache), false)
#4 C:\laragon\www\CIujianonline\public\index.php(37): CodeIgniter\CodeIgniter->run()
#5 {main}
CRITICAL - 2023-04-12 02:27:58 --> Undefined variable $exam
#0 C:\laragon\www\CIujianonline\app\Views\exams\exams.php(45): CodeIgniter\Debug\Exceptions->errorHandler(2, 'Undefined varia...', 'C:\\laragon\\www\\...', 45)
#1 C:\laragon\www\CIujianonline\system\View\View.php(210): include('C:\\laragon\\www\\...')
#2 C:\laragon\www\CIujianonline\system\View\View.php(213): CodeIgniter\View\View->CodeIgniter\View\{closure}()
#3 C:\laragon\www\CIujianonline\system\Common.php(1089): CodeIgniter\View\View->render('exams/exams', Array, true)
#4 C:\laragon\www\CIujianonline\app\Controllers\Exam.php(37): view('exams/exams', Array)
#5 C:\laragon\www\CIujianonline\system\CodeIgniter.php(832): App\Controllers\Exam->index()
#6 C:\laragon\www\CIujianonline\system\CodeIgniter.php(419): CodeIgniter\CodeIgniter->runController(Object(App\Controllers\Exam))
#7 C:\laragon\www\CIujianonline\system\CodeIgniter.php(326): CodeIgniter\CodeIgniter->handleRequest(NULL, Object(Config\Cache), false)
#8 C:\laragon\www\CIujianonline\public\index.php(37): CodeIgniter\CodeIgniter->run()
#9 {main}
CRITICAL - 2023-04-12 02:35:11 --> Undefined property: stdClass::$status
#0 C:\laragon\www\CIujianonline\app\Views\exams\exams.php(80): CodeIgniter\Debug\Exceptions->errorHandler(2, 'Undefined prope...', 'C:\\laragon\\www\\...', 80)
#1 C:\laragon\www\CIujianonline\system\View\View.php(210): include('C:\\laragon\\www\\...')
#2 C:\laragon\www\CIujianonline\system\View\View.php(213): CodeIgniter\View\View->CodeIgniter\View\{closure}()
#3 C:\laragon\www\CIujianonline\system\Common.php(1089): CodeIgniter\View\View->render('exams/exams', Array, true)
#4 C:\laragon\www\CIujianonline\app\Controllers\Exam.php(37): view('exams/exams', Array)
#5 C:\laragon\www\CIujianonline\system\CodeIgniter.php(832): App\Controllers\Exam->index()
#6 C:\laragon\www\CIujianonline\system\CodeIgniter.php(419): CodeIgniter\CodeIgniter->runController(Object(App\Controllers\Exam))
#7 C:\laragon\www\CIujianonline\system\CodeIgniter.php(326): CodeIgniter\CodeIgniter->handleRequest(NULL, Object(Config\Cache), false)
#8 C:\laragon\www\CIujianonline\public\index.php(37): CodeIgniter\CodeIgniter->run()
#9 {main}
CRITICAL - 2023-04-12 02:35:38 --> Undefined property: stdClass::$status
#0 C:\laragon\www\CIujianonline\app\Views\exams\exams.php(80): CodeIgniter\Debug\Exceptions->errorHandler(2, 'Undefined prope...', 'C:\\laragon\\www\\...', 80)
#1 C:\laragon\www\CIujianonline\system\View\View.php(210): include('C:\\laragon\\www\\...')
#2 C:\laragon\www\CIujianonline\system\View\View.php(213): CodeIgniter\View\View->CodeIgniter\View\{closure}()
#3 C:\laragon\www\CIujianonline\system\Common.php(1089): CodeIgniter\View\View->render('exams/exams', Array, true)
#4 C:\laragon\www\CIujianonline\app\Controllers\Exam.php(37): view('exams/exams', Array)
#5 C:\laragon\www\CIujianonline\system\CodeIgniter.php(832): App\Controllers\Exam->index()
#6 C:\laragon\www\CIujianonline\system\CodeIgniter.php(419): CodeIgniter\CodeIgniter->runController(Object(App\Controllers\Exam))
#7 C:\laragon\www\CIujianonline\system\CodeIgniter.php(326): CodeIgniter\CodeIgniter->handleRequest(NULL, Object(Config\Cache), false)
#8 C:\laragon\www\CIujianonline\public\index.php(37): CodeIgniter\CodeIgniter->run()
#9 {main}
CRITICAL - 2023-04-12 02:38:24 --> Undefined property: stdClass::$status
#0 C:\laragon\www\CIujianonline\app\Views\exams\exams.php(80): CodeIgniter\Debug\Exceptions->errorHandler(2, 'Undefined prope...', 'C:\\laragon\\www\\...', 80)
#1 C:\laragon\www\CIujianonline\system\View\View.php(210): include('C:\\laragon\\www\\...')
#2 C:\laragon\www\CIujianonline\system\View\View.php(213): CodeIgniter\View\View->CodeIgniter\View\{closure}()
#3 C:\laragon\www\CIujianonline\system\Common.php(1089): CodeIgniter\View\View->render('exams/exams', Array, true)
#4 C:\laragon\www\CIujianonline\app\Controllers\Exam.php(37): view('exams/exams', Array)
#5 C:\laragon\www\CIujianonline\system\CodeIgniter.php(832): App\Controllers\Exam->index()
#6 C:\laragon\www\CIujianonline\system\CodeIgniter.php(419): CodeIgniter\CodeIgniter->runController(Object(App\Controllers\Exam))
#7 C:\laragon\www\CIujianonline\system\CodeIgniter.php(326): CodeIgniter\CodeIgniter->handleRequest(NULL, Object(Config\Cache), false)
#8 C:\laragon\www\CIujianonline\public\index.php(37): CodeIgniter\CodeIgniter->run()
#9 {main}
CRITICAL - 2023-04-12 02:38:43 --> Unmatched '}'
#0 C:\laragon\www\CIujianonline\system\View\View.php(213): CodeIgniter\View\View->CodeIgniter\View\{closure}()
#1 C:\laragon\www\CIujianonline\system\Common.php(1089): CodeIgniter\View\View->render('exams/exams', Array, true)
#2 C:\laragon\www\CIujianonline\app\Controllers\Exam.php(37): view('exams/exams', Array)
#3 C:\laragon\www\CIujianonline\system\CodeIgniter.php(832): App\Controllers\Exam->index()
#4 C:\laragon\www\CIujianonline\system\CodeIgniter.php(419): CodeIgniter\CodeIgniter->runController(Object(App\Controllers\Exam))
#5 C:\laragon\www\CIujianonline\system\CodeIgniter.php(326): CodeIgniter\CodeIgniter->handleRequest(NULL, Object(Config\Cache), false)
#6 C:\laragon\www\CIujianonline\public\index.php(37): CodeIgniter\CodeIgniter->run()
#7 {main}
CRITICAL - 2023-04-12 22:04:17 --> Undefined variable $id
#0 C:\laragon\www\CIujianonline\app\Controllers\Profile.php(63): CodeIgniter\Debug\Exceptions->errorHandler(2, 'Undefined varia...', 'C:\\laragon\\www\\...', 63)
#1 C:\laragon\www\CIujianonline\system\CodeIgniter.php(832): App\Controllers\Profile->actprofile()
#2 C:\laragon\www\CIujianonline\system\CodeIgniter.php(419): CodeIgniter\CodeIgniter->runController(Object(App\Controllers\Profile))
#3 C:\laragon\www\CIujianonline\system\CodeIgniter.php(326): CodeIgniter\CodeIgniter->handleRequest(NULL, Object(Config\Cache), false)
#4 C:\laragon\www\CIujianonline\public\index.php(37): CodeIgniter\CodeIgniter->run()
#5 {main}
ERROR - 2023-04-12 22:48:41 --> Column 'teacher_id' in where clause is ambiguous
CRITICAL - 2023-04-12 22:48:41 --> Call to a member function getResult() on bool
#0 C:\laragon\www\CIujianonline\app\Controllers\Exams.php(37): App\Models\M_model->super_w('exams', 'classes', 'teachers', 'exams.class_id=...', 'exams.teacher_i...', Array)
#1 C:\laragon\www\CIujianonline\system\CodeIgniter.php(832): App\Controllers\Exams->index()
#2 C:\laragon\www\CIujianonline\system\CodeIgniter.php(419): CodeIgniter\CodeIgniter->runController(Object(App\Controllers\Exams))
#3 C:\laragon\www\CIujianonline\system\CodeIgniter.php(326): CodeIgniter\CodeIgniter->handleRequest(NULL, Object(Config\Cache), false)
#4 C:\laragon\www\CIujianonline\public\index.php(37): CodeIgniter\CodeIgniter->run()
#5 {main}
ERROR - 2023-04-12 22:50:25 --> Column 'teacher_id' in where clause is ambiguous
CRITICAL - 2023-04-12 22:50:25 --> Call to a member function getResult() on bool
#0 C:\laragon\www\CIujianonline\app\Controllers\Exams.php(37): App\Models\M_model->super_w('exams', 'classes', 'teachers', 'exams.class_id=...', 'exams.teacher_i...', Array)
#1 C:\laragon\www\CIujianonline\system\CodeIgniter.php(832): App\Controllers\Exams->index()
#2 C:\laragon\www\CIujianonline\system\CodeIgniter.php(419): CodeIgniter\CodeIgniter->runController(Object(App\Controllers\Exams))
#3 C:\laragon\www\CIujianonline\system\CodeIgniter.php(326): CodeIgniter\CodeIgniter->handleRequest(NULL, Object(Config\Cache), false)
#4 C:\laragon\www\CIujianonline\public\index.php(37): CodeIgniter\CodeIgniter->run()
#5 {main}
CRITICAL - 2023-04-12 22:53:25 --> Undefined array key "teacher_id"
#0 C:\laragon\www\CIujianonline\app\Controllers\Home.php(38): CodeIgniter\Debug\Exceptions->errorHandler(2, 'Undefined array...', 'C:\\laragon\\www\\...', 38)
#1 C:\laragon\www\CIujianonline\system\CodeIgniter.php(832): App\Controllers\Home->actLogin()
#2 C:\laragon\www\CIujianonline\system\CodeIgniter.php(419): CodeIgniter\CodeIgniter->runController(Object(App\Controllers\Home))
#3 C:\laragon\www\CIujianonline\system\CodeIgniter.php(326): CodeIgniter\CodeIgniter->handleRequest(NULL, Object(Config\Cache), false)
#4 C:\laragon\www\CIujianonline\public\index.php(37): CodeIgniter\CodeIgniter->run()
#5 {main}
ERROR - 2023-04-12 22:54:21 --> Column 'teacher_id' in where clause is ambiguous
CRITICAL - 2023-04-12 22:54:21 --> Call to a member function getResult() on bool
#0 C:\laragon\www\CIujianonline\app\Controllers\Exams.php(38): App\Models\M_model->super_w('exams', 'classes', 'teachers', 'exams.class_id=...', 'exams.teacher_i...', Array)
#1 C:\laragon\www\CIujianonline\system\CodeIgniter.php(832): App\Controllers\Exams->index()
#2 C:\laragon\www\CIujianonline\system\CodeIgniter.php(419): CodeIgniter\CodeIgniter->runController(Object(App\Controllers\Exams))
#3 C:\laragon\www\CIujianonline\system\CodeIgniter.php(326): CodeIgniter\CodeIgniter->handleRequest(NULL, Object(Config\Cache), false)
#4 C:\laragon\www\CIujianonline\public\index.php(37): CodeIgniter\CodeIgniter->run()
#5 {main}
ERROR - 2023-04-12 22:55:11 --> Column 'teacher_id' in where clause is ambiguous
CRITICAL - 2023-04-12 22:55:11 --> Call to a member function getResult() on bool
#0 C:\laragon\www\CIujianonline\app\Controllers\Exams.php(38): App\Models\M_model->super_w('exams', 'classes', 'teachers', 'exams.class_id=...', 'exams.teacher_i...', Array)
#1 C:\laragon\www\CIujianonline\system\CodeIgniter.php(832): App\Controllers\Exams->index()
#2 C:\laragon\www\CIujianonline\system\CodeIgniter.php(419): CodeIgniter\CodeIgniter->runController(Object(App\Controllers\Exams))
#3 C:\laragon\www\CIujianonline\system\CodeIgniter.php(326): CodeIgniter\CodeIgniter->handleRequest(NULL, Object(Config\Cache), false)
#4 C:\laragon\www\CIujianonline\public\index.php(37): CodeIgniter\CodeIgniter->run()
#5 {main}
CRITICAL - 2023-04-12 22:55:28 --> Array to string conversion
#0 C:\laragon\www\CIujianonline\app\Controllers\Exams.php(37): CodeIgniter\Debug\Exceptions->errorHandler(2, 'Array to string...', 'C:\\laragon\\www\\...', 37)
#1 C:\laragon\www\CIujianonline\system\CodeIgniter.php(832): App\Controllers\Exams->index()
#2 C:\laragon\www\CIujianonline\system\CodeIgniter.php(419): CodeIgniter\CodeIgniter->runController(Object(App\Controllers\Exams))
#3 C:\laragon\www\CIujianonline\system\CodeIgniter.php(326): CodeIgniter\CodeIgniter->handleRequest(NULL, Object(Config\Cache), false)
#4 C:\laragon\www\CIujianonline\public\index.php(37): CodeIgniter\CodeIgniter->run()
#5 {main}
ERROR - 2023-04-12 22:57:17 --> Column 'teacher_id' in where clause is ambiguous
CRITICAL - 2023-04-12 22:57:17 --> Call to a member function getResult() on bool
#0 C:\laragon\www\CIujianonline\app\Controllers\Exams.php(38): App\Models\M_model->super_w('exams', 'classes', 'teachers', 'exams.class_id=...', 'exams.teacher_i...', Array)
#1 C:\laragon\www\CIujianonline\system\CodeIgniter.php(832): App\Controllers\Exams->index()
#2 C:\laragon\www\CIujianonline\system\CodeIgniter.php(419): CodeIgniter\CodeIgniter->runController(Object(App\Controllers\Exams))
#3 C:\laragon\www\CIujianonline\system\CodeIgniter.php(326): CodeIgniter\CodeIgniter->handleRequest(NULL, Object(Config\Cache), false)
#4 C:\laragon\www\CIujianonline\public\index.php(37): CodeIgniter\CodeIgniter->run()
#5 {main}
CRITICAL - 2023-04-12 23:02:09 --> syntax error, unexpected token "else", expecting "function" or "const"
#0 C:\laragon\www\CIujianonline\system\Router\Router.php(175): CodeIgniter\Router\Router->autoRoute('exams/input')
#1 C:\laragon\www\CIujianonline\system\CodeIgniter.php(726): CodeIgniter\Router\Router->handle('exams/input')
#2 C:\laragon\www\CIujianonline\system\CodeIgniter.php(368): CodeIgniter\CodeIgniter->tryToRouteIt(Object(CodeIgniter\Router\RouteCollection))
#3 C:\laragon\www\CIujianonline\system\CodeIgniter.php(326): CodeIgniter\CodeIgniter->handleRequest(NULL, Object(Config\Cache), false)
#4 C:\laragon\www\CIujianonline\public\index.php(37): CodeIgniter\CodeIgniter->run()
#5 {main}
CRITICAL - 2023-04-12 23:02:40 --> syntax error, unexpected token "echo"
#0 C:\laragon\www\CIujianonline\system\Router\Router.php(175): CodeIgniter\Router\Router->autoRoute('exams/input')
#1 C:\laragon\www\CIujianonline\system\CodeIgniter.php(726): CodeIgniter\Router\Router->handle('exams/input')
#2 C:\laragon\www\CIujianonline\system\CodeIgniter.php(368): CodeIgniter\CodeIgniter->tryToRouteIt(Object(CodeIgniter\Router\RouteCollection))
#3 C:\laragon\www\CIujianonline\system\CodeIgniter.php(326): CodeIgniter\CodeIgniter->handleRequest(NULL, Object(Config\Cache), false)
#4 C:\laragon\www\CIujianonline\public\index.php(37): CodeIgniter\CodeIgniter->run()
#5 {main}
