CRITICAL - 2023-04-09 21:17:20 --> Undefined constant "App\Controllers\session"
#0 C:\laragon\www\CIujianonline\system\CodeIgniter.php(809): App\Controllers\User->__construct()
#1 C:\laragon\www\CIujianonline\system\CodeIgniter.php(410): CodeIgniter\CodeIgniter->createController()
#2 C:\laragon\www\CIujianonline\system\CodeIgniter.php(326): CodeIgniter\CodeIgniter->handleRequest(NULL, Object(Config\Cache), false)
#3 C:\laragon\www\CIujianonline\public\index.php(37): CodeIgniter\CodeIgniter->run()
#4 {main}
CRITICAL - 2023-04-09 21:24:08 --> syntax error, unexpected token "public"
#0 C:\laragon\www\CIujianonline\system\Router\Router.php(175): CodeIgniter\Router\Router->autoRoute('home/Logout')
#1 C:\laragon\www\CIujianonline\system\CodeIgniter.php(726): CodeIgniter\Router\Router->handle('home/Logout')
#2 C:\laragon\www\CIujianonline\system\CodeIgniter.php(368): CodeIgniter\CodeIgniter->tryToRouteIt(Object(CodeIgniter\Router\RouteCollection))
#3 C:\laragon\www\CIujianonline\system\CodeIgniter.php(326): CodeIgniter\CodeIgniter->handleRequest(NULL, Object(Config\Cache), false)
#4 C:\laragon\www\CIujianonline\public\index.php(37): CodeIgniter\CodeIgniter->run()
#5 {main}
CRITICAL - 2023-04-09 21:58:17 --> Undefined variable $id_user
#0 C:\laragon\www\CIujianonline\app\Controllers\User.php(15): CodeIgniter\Debug\Exceptions->errorHandler(2, 'Undefined varia...', 'C:\\laragon\\www\\...', 15)
#1 C:\laragon\www\CIujianonline\app\Controllers\User.php(28): App\Controllers\User->checkAuth()
#2 C:\laragon\www\CIujianonline\system\CodeIgniter.php(832): App\Controllers\User->index()
#3 C:\laragon\www\CIujianonline\system\CodeIgniter.php(419): CodeIgniter\CodeIgniter->runController(Object(App\Controllers\User))
#4 C:\laragon\www\CIujianonline\system\CodeIgniter.php(326): CodeIgniter\CodeIgniter->handleRequest(NULL, Object(Config\Cache), false)
#5 C:\laragon\www\CIujianonline\public\index.php(37): CodeIgniter\CodeIgniter->run()
#6 {main}
CRITICAL - 2023-04-09 22:05:10 --> Undefined property: stdClass::$class
#0 C:\laragon\www\CIujianonline\app\Views\dashboard.php(36): CodeIgniter\Debug\Exceptions->errorHandler(2, 'Undefined prope...', 'C:\\laragon\\www\\...', 36)
#1 C:\laragon\www\CIujianonline\system\View\View.php(210): include('C:\\laragon\\www\\...')
#2 C:\laragon\www\CIujianonline\system\View\View.php(213): CodeIgniter\View\View->CodeIgniter\View\{closure}()
#3 C:\laragon\www\CIujianonline\system\Common.php(1089): CodeIgniter\View\View->render('dashboard', Array, true)
#4 C:\laragon\www\CIujianonline\app\Controllers\User.php(36): view('dashboard', Array)
#5 C:\laragon\www\CIujianonline\system\CodeIgniter.php(832): App\Controllers\User->index()
#6 C:\laragon\www\CIujianonline\system\CodeIgniter.php(419): CodeIgniter\CodeIgniter->runController(Object(App\Controllers\User))
#7 C:\laragon\www\CIujianonline\system\CodeIgniter.php(326): CodeIgniter\CodeIgniter->handleRequest(NULL, Object(Config\Cache), false)
#8 C:\laragon\www\CIujianonline\public\index.php(37): CodeIgniter\CodeIgniter->run()
#9 {main}
CRITICAL - 2023-04-09 22:06:20 --> Undefined property: stdClass::$name
#0 C:\laragon\www\CIujianonline\app\Views\dashboard.php(35): CodeIgniter\Debug\Exceptions->errorHandler(2, 'Undefined prope...', 'C:\\laragon\\www\\...', 35)
#1 C:\laragon\www\CIujianonline\system\View\View.php(210): include('C:\\laragon\\www\\...')
#2 C:\laragon\www\CIujianonline\system\View\View.php(213): CodeIgniter\View\View->CodeIgniter\View\{closure}()
#3 C:\laragon\www\CIujianonline\system\Common.php(1089): CodeIgniter\View\View->render('dashboard', Array, true)
#4 C:\laragon\www\CIujianonline\app\Controllers\User.php(36): view('dashboard', Array)
#5 C:\laragon\www\CIujianonline\system\CodeIgniter.php(832): App\Controllers\User->index()
#6 C:\laragon\www\CIujianonline\system\CodeIgniter.php(419): CodeIgniter\CodeIgniter->runController(Object(App\Controllers\User))
#7 C:\laragon\www\CIujianonline\system\CodeIgniter.php(326): CodeIgniter\CodeIgniter->handleRequest(NULL, Object(Config\Cache), false)
#8 C:\laragon\www\CIujianonline\public\index.php(37): CodeIgniter\CodeIgniter->run()
#9 {main}
CRITICAL - 2023-04-09 22:06:28 --> Undefined property: stdClass::$class_name
#0 C:\laragon\www\CIujianonline\app\Views\dashboard.php(36): CodeIgniter\Debug\Exceptions->errorHandler(2, 'Undefined prope...', 'C:\\laragon\\www\\...', 36)
#1 C:\laragon\www\CIujianonline\system\View\View.php(210): include('C:\\laragon\\www\\...')
#2 C:\laragon\www\CIujianonline\system\View\View.php(213): CodeIgniter\View\View->CodeIgniter\View\{closure}()
#3 C:\laragon\www\CIujianonline\system\Common.php(1089): CodeIgniter\View\View->render('dashboard', Array, true)
#4 C:\laragon\www\CIujianonline\app\Controllers\User.php(36): view('dashboard', Array)
#5 C:\laragon\www\CIujianonline\system\CodeIgniter.php(832): App\Controllers\User->index()
#6 C:\laragon\www\CIujianonline\system\CodeIgniter.php(419): CodeIgniter\CodeIgniter->runController(Object(App\Controllers\User))
#7 C:\laragon\www\CIujianonline\system\CodeIgniter.php(326): CodeIgniter\CodeIgniter->handleRequest(NULL, Object(Config\Cache), false)
#8 C:\laragon\www\CIujianonline\public\index.php(37): CodeIgniter\CodeIgniter->run()
#9 {main}
CRITICAL - 2023-04-09 22:07:26 --> Undefined property: stdClass::$class_name
#0 C:\laragon\www\CIujianonline\app\Views\dashboard.php(36): CodeIgniter\Debug\Exceptions->errorHandler(2, 'Undefined prope...', 'C:\\laragon\\www\\...', 36)
#1 C:\laragon\www\CIujianonline\system\View\View.php(210): include('C:\\laragon\\www\\...')
#2 C:\laragon\www\CIujianonline\system\View\View.php(213): CodeIgniter\View\View->CodeIgniter\View\{closure}()
#3 C:\laragon\www\CIujianonline\system\Common.php(1089): CodeIgniter\View\View->render('dashboard', Array, true)
#4 C:\laragon\www\CIujianonline\app\Controllers\User.php(36): view('dashboard', Array)
#5 C:\laragon\www\CIujianonline\system\CodeIgniter.php(832): App\Controllers\User->index()
#6 C:\laragon\www\CIujianonline\system\CodeIgniter.php(419): CodeIgniter\CodeIgniter->runController(Object(App\Controllers\User))
#7 C:\laragon\www\CIujianonline\system\CodeIgniter.php(326): CodeIgniter\CodeIgniter->handleRequest(NULL, Object(Config\Cache), false)
#8 C:\laragon\www\CIujianonline\public\index.php(37): CodeIgniter\CodeIgniter->run()
#9 {main}
CRITICAL - 2023-04-09 22:12:58 --> syntax error, unexpected double-quoted string "><button class=", expecting "," or ";"
#0 C:\laragon\www\CIujianonline\system\View\View.php(213): CodeIgniter\View\View->CodeIgniter\View\{closure}()
#1 C:\laragon\www\CIujianonline\system\Common.php(1089): CodeIgniter\View\View->render('dashboard', Array, true)
#2 C:\laragon\www\CIujianonline\app\Controllers\User.php(36): view('dashboard', Array)
#3 C:\laragon\www\CIujianonline\system\CodeIgniter.php(832): App\Controllers\User->index()
#4 C:\laragon\www\CIujianonline\system\CodeIgniter.php(419): CodeIgniter\CodeIgniter->runController(Object(App\Controllers\User))
#5 C:\laragon\www\CIujianonline\system\CodeIgniter.php(326): CodeIgniter\CodeIgniter->handleRequest(NULL, Object(Config\Cache), false)
#6 C:\laragon\www\CIujianonline\public\index.php(37): CodeIgniter\CodeIgniter->run()
#7 {main}
CRITICAL - 2023-04-09 22:14:18 --> syntax error, unexpected token "=="
#0 C:\laragon\www\CIujianonline\system\View\View.php(213): CodeIgniter\View\View->CodeIgniter\View\{closure}()
#1 C:\laragon\www\CIujianonline\system\Common.php(1089): CodeIgniter\View\View->render('nav', Array, true)
#2 C:\laragon\www\CIujianonline\app\Controllers\User.php(35): view('nav')
#3 C:\laragon\www\CIujianonline\system\CodeIgniter.php(832): App\Controllers\User->index()
#4 C:\laragon\www\CIujianonline\system\CodeIgniter.php(419): CodeIgniter\CodeIgniter->runController(Object(App\Controllers\User))
#5 C:\laragon\www\CIujianonline\system\CodeIgniter.php(326): CodeIgniter\CodeIgniter->handleRequest(NULL, Object(Config\Cache), false)
#6 C:\laragon\www\CIujianonline\public\index.php(37): CodeIgniter\CodeIgniter->run()
#7 {main}
ERROR - 2023-04-09 22:17:07 --> Unknown column 'users.user_id' in 'on clause'
CRITICAL - 2023-04-09 22:17:07 --> Call to a member function getResult() on bool
#0 C:\laragon\www\CIujianonline\app\Controllers\User.php(52): App\Models\M_model->fusion('users', 'teachers', 'users.user_id=t...')
#1 C:\laragon\www\CIujianonline\system\CodeIgniter.php(832): App\Controllers\User->teachers()
#2 C:\laragon\www\CIujianonline\system\CodeIgniter.php(419): CodeIgniter\CodeIgniter->runController(Object(App\Controllers\User))
#3 C:\laragon\www\CIujianonline\system\CodeIgniter.php(326): CodeIgniter\CodeIgniter->handleRequest(NULL, Object(Config\Cache), false)
#4 C:\laragon\www\CIujianonline\public\index.php(37): CodeIgniter\CodeIgniter->run()
#5 {main}
CRITICAL - 2023-04-09 22:18:12 --> Invalid file: users.teachers.teachers
#0 C:\laragon\www\CIujianonline\system\View\View.php(198): CodeIgniter\Exceptions\FrameworkException::forInvalidFile('users.teachers....')
#1 C:\laragon\www\CIujianonline\system\Common.php(1089): CodeIgniter\View\View->render('users.teachers....', Array, true)
#2 C:\laragon\www\CIujianonline\app\Controllers\User.php(56): view('users.teachers....', Array)
#3 C:\laragon\www\CIujianonline\system\CodeIgniter.php(832): App\Controllers\User->teachers()
#4 C:\laragon\www\CIujianonline\system\CodeIgniter.php(419): CodeIgniter\CodeIgniter->runController(Object(App\Controllers\User))
#5 C:\laragon\www\CIujianonline\system\CodeIgniter.php(326): CodeIgniter\CodeIgniter->handleRequest(NULL, Object(Config\Cache), false)
#6 C:\laragon\www\CIujianonline\public\index.php(37): CodeIgniter\CodeIgniter->run()
#7 {main}
CRITICAL - 2023-04-09 22:21:19 --> syntax error, unexpected token "foreach"
#0 C:\laragon\www\CIujianonline\system\View\View.php(213): CodeIgniter\View\View->CodeIgniter\View\{closure}()
#1 C:\laragon\www\CIujianonline\system\Common.php(1089): CodeIgniter\View\View->render('users/teachers/...', Array, true)
#2 C:\laragon\www\CIujianonline\app\Controllers\User.php(56): view('users/teachers/...', Array)
#3 C:\laragon\www\CIujianonline\system\CodeIgniter.php(832): App\Controllers\User->teachers()
#4 C:\laragon\www\CIujianonline\system\CodeIgniter.php(419): CodeIgniter\CodeIgniter->runController(Object(App\Controllers\User))
#5 C:\laragon\www\CIujianonline\system\CodeIgniter.php(326): CodeIgniter\CodeIgniter->handleRequest(NULL, Object(Config\Cache), false)
#6 C:\laragon\www\CIujianonline\public\index.php(37): CodeIgniter\CodeIgniter->run()
#7 {main}
CRITICAL - 2023-04-09 22:21:29 --> Undefined variable $teachers
#0 C:\laragon\www\CIujianonline\app\Views\users\teachers\teachers.php(41): CodeIgniter\Debug\Exceptions->errorHandler(2, 'Undefined varia...', 'C:\\laragon\\www\\...', 41)
#1 C:\laragon\www\CIujianonline\system\View\View.php(210): include('C:\\laragon\\www\\...')
#2 C:\laragon\www\CIujianonline\system\View\View.php(213): CodeIgniter\View\View->CodeIgniter\View\{closure}()
#3 C:\laragon\www\CIujianonline\system\Common.php(1089): CodeIgniter\View\View->render('users/teachers/...', Array, true)
#4 C:\laragon\www\CIujianonline\app\Controllers\User.php(56): view('users/teachers/...', Array)
#5 C:\laragon\www\CIujianonline\system\CodeIgniter.php(832): App\Controllers\User->teachers()
#6 C:\laragon\www\CIujianonline\system\CodeIgniter.php(419): CodeIgniter\CodeIgniter->runController(Object(App\Controllers\User))
#7 C:\laragon\www\CIujianonline\system\CodeIgniter.php(326): CodeIgniter\CodeIgniter->handleRequest(NULL, Object(Config\Cache), false)
#8 C:\laragon\www\CIujianonline\public\index.php(37): CodeIgniter\CodeIgniter->run()
#9 {main}
CRITICAL - 2023-04-09 22:21:47 --> Undefined variable $user
#0 C:\laragon\www\CIujianonline\app\Views\users\teachers\teachers.php(41): CodeIgniter\Debug\Exceptions->errorHandler(2, 'Undefined varia...', 'C:\\laragon\\www\\...', 41)
#1 C:\laragon\www\CIujianonline\system\View\View.php(210): include('C:\\laragon\\www\\...')
#2 C:\laragon\www\CIujianonline\system\View\View.php(213): CodeIgniter\View\View->CodeIgniter\View\{closure}()
#3 C:\laragon\www\CIujianonline\system\Common.php(1089): CodeIgniter\View\View->render('users/teachers/...', Array, true)
#4 C:\laragon\www\CIujianonline\app\Controllers\User.php(56): view('users/teachers/...', Array)
#5 C:\laragon\www\CIujianonline\system\CodeIgniter.php(832): App\Controllers\User->teachers()
#6 C:\laragon\www\CIujianonline\system\CodeIgniter.php(419): CodeIgniter\CodeIgniter->runController(Object(App\Controllers\User))
#7 C:\laragon\www\CIujianonline\system\CodeIgniter.php(326): CodeIgniter\CodeIgniter->handleRequest(NULL, Object(Config\Cache), false)
#8 C:\laragon\www\CIujianonline\public\index.php(37): CodeIgniter\CodeIgniter->run()
#9 {main}
CRITICAL - 2023-04-09 23:10:00 --> syntax error, unexpected token "!"
#0 C:\laragon\www\CIujianonline\system\View\View.php(213): CodeIgniter\View\View->CodeIgniter\View\{closure}()
#1 C:\laragon\www\CIujianonline\system\Common.php(1089): CodeIgniter\View\View->render('users/teachers/...', Array, true)
#2 C:\laragon\www\CIujianonline\app\Controllers\Teachers.php(45): view('users/teachers/...')
#3 C:\laragon\www\CIujianonline\system\CodeIgniter.php(832): App\Controllers\Teachers->input()
#4 C:\laragon\www\CIujianonline\system\CodeIgniter.php(419): CodeIgniter\CodeIgniter->runController(Object(App\Controllers\Teachers))
#5 C:\laragon\www\CIujianonline\system\CodeIgniter.php(326): CodeIgniter\CodeIgniter->handleRequest(NULL, Object(Config\Cache), false)
#6 C:\laragon\www\CIujianonline\public\index.php(37): CodeIgniter\CodeIgniter->run()
#7 {main}
CRITICAL - 2023-04-09 23:10:17 --> syntax error, unexpected token "}"
#0 C:\laragon\www\CIujianonline\system\View\View.php(213): CodeIgniter\View\View->CodeIgniter\View\{closure}()
#1 C:\laragon\www\CIujianonline\system\Common.php(1089): CodeIgniter\View\View->render('users/teachers/...', Array, true)
#2 C:\laragon\www\CIujianonline\app\Controllers\Teachers.php(45): view('users/teachers/...')
#3 C:\laragon\www\CIujianonline\system\CodeIgniter.php(832): App\Controllers\Teachers->input()
#4 C:\laragon\www\CIujianonline\system\CodeIgniter.php(419): CodeIgniter\CodeIgniter->runController(Object(App\Controllers\Teachers))
#5 C:\laragon\www\CIujianonline\system\CodeIgniter.php(326): CodeIgniter\CodeIgniter->handleRequest(NULL, Object(Config\Cache), false)
#6 C:\laragon\www\CIujianonline\public\index.php(37): CodeIgniter\CodeIgniter->run()
#7 {main}
CRITICAL - 2023-04-09 23:10:44 --> syntax error, unexpected token "!"
#0 C:\laragon\www\CIujianonline\system\View\View.php(213): CodeIgniter\View\View->CodeIgniter\View\{closure}()
#1 C:\laragon\www\CIujianonline\system\Common.php(1089): CodeIgniter\View\View->render('users/teachers/...', Array, true)
#2 C:\laragon\www\CIujianonline\app\Controllers\Teachers.php(45): view('users/teachers/...')
#3 C:\laragon\www\CIujianonline\system\CodeIgniter.php(832): App\Controllers\Teachers->input()
#4 C:\laragon\www\CIujianonline\system\CodeIgniter.php(419): CodeIgniter\CodeIgniter->runController(Object(App\Controllers\Teachers))
#5 C:\laragon\www\CIujianonline\system\CodeIgniter.php(326): CodeIgniter\CodeIgniter->handleRequest(NULL, Object(Config\Cache), false)
#6 C:\laragon\www\CIujianonline\public\index.php(37): CodeIgniter\CodeIgniter->run()
#7 {main}
CRITICAL - 2023-04-09 23:11:52 --> Undefined variable $errors
#0 C:\laragon\www\CIujianonline\app\Views\users\teachers\input.php(23): CodeIgniter\Debug\Exceptions->errorHandler(2, 'Undefined varia...', 'C:\\laragon\\www\\...', 23)
#1 C:\laragon\www\CIujianonline\system\View\View.php(210): include('C:\\laragon\\www\\...')
#2 C:\laragon\www\CIujianonline\system\View\View.php(213): CodeIgniter\View\View->CodeIgniter\View\{closure}()
#3 C:\laragon\www\CIujianonline\system\Common.php(1089): CodeIgniter\View\View->render('users/teachers/...', Array, true)
#4 C:\laragon\www\CIujianonline\app\Controllers\Teachers.php(45): view('users/teachers/...')
#5 C:\laragon\www\CIujianonline\system\CodeIgniter.php(832): App\Controllers\Teachers->input()
#6 C:\laragon\www\CIujianonline\system\CodeIgniter.php(419): CodeIgniter\CodeIgniter->runController(Object(App\Controllers\Teachers))
#7 C:\laragon\www\CIujianonline\system\CodeIgniter.php(326): CodeIgniter\CodeIgniter->handleRequest(NULL, Object(Config\Cache), false)
#8 C:\laragon\www\CIujianonline\public\index.php(37): CodeIgniter\CodeIgniter->run()
#9 {main}
CRITICAL - 2023-04-09 23:11:54 --> Undefined variable $errors
#0 C:\laragon\www\CIujianonline\app\Views\users\teachers\input.php(23): CodeIgniter\Debug\Exceptions->errorHandler(2, 'Undefined varia...', 'C:\\laragon\\www\\...', 23)
#1 C:\laragon\www\CIujianonline\system\View\View.php(210): include('C:\\laragon\\www\\...')
#2 C:\laragon\www\CIujianonline\system\View\View.php(213): CodeIgniter\View\View->CodeIgniter\View\{closure}()
#3 C:\laragon\www\CIujianonline\system\Common.php(1089): CodeIgniter\View\View->render('users/teachers/...', Array, true)
#4 C:\laragon\www\CIujianonline\app\Controllers\Teachers.php(45): view('users/teachers/...')
#5 C:\laragon\www\CIujianonline\system\CodeIgniter.php(832): App\Controllers\Teachers->input()
#6 C:\laragon\www\CIujianonline\system\CodeIgniter.php(419): CodeIgniter\CodeIgniter->runController(Object(App\Controllers\Teachers))
#7 C:\laragon\www\CIujianonline\system\CodeIgniter.php(326): CodeIgniter\CodeIgniter->handleRequest(NULL, Object(Config\Cache), false)
#8 C:\laragon\www\CIujianonline\public\index.php(37): CodeIgniter\CodeIgniter->run()
#9 {main}
CRITICAL - 2023-04-09 23:12:27 --> Undefined variable $errors
#0 C:\laragon\www\CIujianonline\app\Views\users\teachers\input.php(23): CodeIgniter\Debug\Exceptions->errorHandler(2, 'Undefined varia...', 'C:\\laragon\\www\\...', 23)
#1 C:\laragon\www\CIujianonline\system\View\View.php(210): include('C:\\laragon\\www\\...')
#2 C:\laragon\www\CIujianonline\system\View\View.php(213): CodeIgniter\View\View->CodeIgniter\View\{closure}()
#3 C:\laragon\www\CIujianonline\system\Common.php(1089): CodeIgniter\View\View->render('users/teachers/...', Array, true)
#4 C:\laragon\www\CIujianonline\app\Controllers\Teachers.php(45): view('users/teachers/...')
#5 C:\laragon\www\CIujianonline\system\CodeIgniter.php(832): App\Controllers\Teachers->input()
#6 C:\laragon\www\CIujianonline\system\CodeIgniter.php(419): CodeIgniter\CodeIgniter->runController(Object(App\Controllers\Teachers))
#7 C:\laragon\www\CIujianonline\system\CodeIgniter.php(326): CodeIgniter\CodeIgniter->handleRequest(NULL, Object(Config\Cache), false)
#8 C:\laragon\www\CIujianonline\public\index.php(37): CodeIgniter\CodeIgniter->run()
#9 {main}
CRITICAL - 2023-04-09 23:13:40 --> Undefined variable $errors
#0 C:\laragon\www\CIujianonline\app\Views\users\teachers\input.php(22): CodeIgniter\Debug\Exceptions->errorHandler(2, 'Undefined varia...', 'C:\\laragon\\www\\...', 22)
#1 C:\laragon\www\CIujianonline\system\View\View.php(210): include('C:\\laragon\\www\\...')
#2 C:\laragon\www\CIujianonline\system\View\View.php(213): CodeIgniter\View\View->CodeIgniter\View\{closure}()
#3 C:\laragon\www\CIujianonline\system\Common.php(1089): CodeIgniter\View\View->render('users/teachers/...', Array, true)
#4 C:\laragon\www\CIujianonline\app\Controllers\Teachers.php(45): view('users/teachers/...')
#5 C:\laragon\www\CIujianonline\system\CodeIgniter.php(832): App\Controllers\Teachers->input()
#6 C:\laragon\www\CIujianonline\system\CodeIgniter.php(419): CodeIgniter\CodeIgniter->runController(Object(App\Controllers\Teachers))
#7 C:\laragon\www\CIujianonline\system\CodeIgniter.php(326): CodeIgniter\CodeIgniter->handleRequest(NULL, Object(Config\Cache), false)
#8 C:\laragon\www\CIujianonline\public\index.php(37): CodeIgniter\CodeIgniter->run()
#9 {main}
