CRITICAL - 2023-04-17 00:02:55 --> Undefined variable $where4
#0 C:\laragon\www\CIujianonline\app\Controllers\Exams.php(251): CodeIgniter\Debug\Exceptions->errorHandler(2, 'Undefined varia...', 'C:\\laragon\\www\\...', 251)
#1 C:\laragon\www\CIujianonline\system\CodeIgniter.php(832): App\Controllers\Exams->student('11')
#2 C:\laragon\www\CIujianonline\system\CodeIgniter.php(419): CodeIgniter\CodeIgniter->runController(Object(App\Controllers\Exams))
#3 C:\laragon\www\CIujianonline\system\CodeIgniter.php(326): CodeIgniter\CodeIgniter->handleRequest(NULL, Object(Config\Cache), false)
#4 C:\laragon\www\CIujianonline\public\index.php(37): CodeIgniter\CodeIgniter->run()
#5 {main}
CRITICAL - 2023-04-17 00:03:06 --> Undefined property: stdClass::$exam_id
#0 C:\laragon\www\CIujianonline\app\Controllers\Exams.php(253): CodeIgniter\Debug\Exceptions->errorHandler(2, 'Undefined prope...', 'C:\\laragon\\www\\...', 253)
#1 C:\laragon\www\CIujianonline\system\CodeIgniter.php(832): App\Controllers\Exams->student('11')
#2 C:\laragon\www\CIujianonline\system\CodeIgniter.php(419): CodeIgniter\CodeIgniter->runController(Object(App\Controllers\Exams))
#3 C:\laragon\www\CIujianonline\system\CodeIgniter.php(326): CodeIgniter\CodeIgniter->handleRequest(NULL, Object(Config\Cache), false)
#4 C:\laragon\www\CIujianonline\public\index.php(37): CodeIgniter\CodeIgniter->run()
#5 {main}
CRITICAL - 2023-04-17 00:03:07 --> Undefined property: stdClass::$exam_id
#0 C:\laragon\www\CIujianonline\app\Controllers\Exams.php(253): CodeIgniter\Debug\Exceptions->errorHandler(2, 'Undefined prope...', 'C:\\laragon\\www\\...', 253)
#1 C:\laragon\www\CIujianonline\system\CodeIgniter.php(832): App\Controllers\Exams->student('11')
#2 C:\laragon\www\CIujianonline\system\CodeIgniter.php(419): CodeIgniter\CodeIgniter->runController(Object(App\Controllers\Exams))
#3 C:\laragon\www\CIujianonline\system\CodeIgniter.php(326): CodeIgniter\CodeIgniter->handleRequest(NULL, Object(Config\Cache), false)
#4 C:\laragon\www\CIujianonline\public\index.php(37): CodeIgniter\CodeIgniter->run()
#5 {main}
ERROR - 2023-04-17 00:03:37 --> Unknown column 'student_id' in 'where clause'
CRITICAL - 2023-04-17 00:03:37 --> Call to a member function getResult() on bool
#0 C:\laragon\www\CIujianonline\app\Controllers\Exams.php(256): App\Models\M_model->getWhereKey('questions', Array, 'question_id')
#1 C:\laragon\www\CIujianonline\system\CodeIgniter.php(832): App\Controllers\Exams->student('11')
#2 C:\laragon\www\CIujianonline\system\CodeIgniter.php(419): CodeIgniter\CodeIgniter->runController(Object(App\Controllers\Exams))
#3 C:\laragon\www\CIujianonline\system\CodeIgniter.php(326): CodeIgniter\CodeIgniter->handleRequest(NULL, Object(Config\Cache), false)
#4 C:\laragon\www\CIujianonline\public\index.php(37): CodeIgniter\CodeIgniter->run()
#5 {main}
CRITICAL - 2023-04-17 00:06:45 --> Undefined property: stdClass::$examStudent
#0 C:\laragon\www\CIujianonline\app\Views\exams\student.php(18): CodeIgniter\Debug\Exceptions->errorHandler(2, 'Undefined prope...', 'C:\\laragon\\www\\...', 18)
#1 C:\laragon\www\CIujianonline\system\View\View.php(210): include('C:\\laragon\\www\\...')
#2 C:\laragon\www\CIujianonline\system\View\View.php(213): CodeIgniter\View\View->CodeIgniter\View\{closure}()
#3 C:\laragon\www\CIujianonline\system\Common.php(1089): CodeIgniter\View\View->render('exams/student', Array, true)
#4 C:\laragon\www\CIujianonline\app\Controllers\Exams.php(267): view('exams/student', Array)
#5 C:\laragon\www\CIujianonline\system\CodeIgniter.php(832): App\Controllers\Exams->student('11')
#6 C:\laragon\www\CIujianonline\system\CodeIgniter.php(419): CodeIgniter\CodeIgniter->runController(Object(App\Controllers\Exams))
#7 C:\laragon\www\CIujianonline\system\CodeIgniter.php(326): CodeIgniter\CodeIgniter->handleRequest(NULL, Object(Config\Cache), false)
#8 C:\laragon\www\CIujianonline\public\index.php(37): CodeIgniter\CodeIgniter->run()
#9 {main}
CRITICAL - 2023-04-17 00:08:52 --> Unclosed '{' on line 27
#0 C:\laragon\www\CIujianonline\system\View\View.php(213): CodeIgniter\View\View->CodeIgniter\View\{closure}()
#1 C:\laragon\www\CIujianonline\system\Common.php(1089): CodeIgniter\View\View->render('exams/student', Array, true)
#2 C:\laragon\www\CIujianonline\app\Controllers\Exams.php(267): view('exams/student', Array)
#3 C:\laragon\www\CIujianonline\system\CodeIgniter.php(832): App\Controllers\Exams->student('11')
#4 C:\laragon\www\CIujianonline\system\CodeIgniter.php(419): CodeIgniter\CodeIgniter->runController(Object(App\Controllers\Exams))
#5 C:\laragon\www\CIujianonline\system\CodeIgniter.php(326): CodeIgniter\CodeIgniter->handleRequest(NULL, Object(Config\Cache), false)
#6 C:\laragon\www\CIujianonline\public\index.php(37): CodeIgniter\CodeIgniter->run()
#7 {main}
CRITICAL - 2023-04-17 00:11:04 --> Cannot use object of type stdClass as array
#0 C:\laragon\www\CIujianonline\system\View\View.php(210): include()
#1 C:\laragon\www\CIujianonline\system\View\View.php(213): CodeIgniter\View\View->CodeIgniter\View\{closure}()
#2 C:\laragon\www\CIujianonline\system\Common.php(1089): CodeIgniter\View\View->render('exams/student', Array, true)
#3 C:\laragon\www\CIujianonline\app\Controllers\Exams.php(267): view('exams/student', Array)
#4 C:\laragon\www\CIujianonline\system\CodeIgniter.php(832): App\Controllers\Exams->student('11')
#5 C:\laragon\www\CIujianonline\system\CodeIgniter.php(419): CodeIgniter\CodeIgniter->runController(Object(App\Controllers\Exams))
#6 C:\laragon\www\CIujianonline\system\CodeIgniter.php(326): CodeIgniter\CodeIgniter->handleRequest(NULL, Object(Config\Cache), false)
#7 C:\laragon\www\CIujianonline\public\index.php(37): CodeIgniter\CodeIgniter->run()
#8 {main}
CRITICAL - 2023-04-17 00:12:12 --> Unclosed '{' on line 81
#0 C:\laragon\www\CIujianonline\system\View\View.php(213): CodeIgniter\View\View->CodeIgniter\View\{closure}()
#1 C:\laragon\www\CIujianonline\system\Common.php(1089): CodeIgniter\View\View->render('exams/student', Array, true)
#2 C:\laragon\www\CIujianonline\app\Controllers\Exams.php(267): view('exams/student', Array)
#3 C:\laragon\www\CIujianonline\system\CodeIgniter.php(832): App\Controllers\Exams->student('11')
#4 C:\laragon\www\CIujianonline\system\CodeIgniter.php(419): CodeIgniter\CodeIgniter->runController(Object(App\Controllers\Exams))
#5 C:\laragon\www\CIujianonline\system\CodeIgniter.php(326): CodeIgniter\CodeIgniter->handleRequest(NULL, Object(Config\Cache), false)
#6 C:\laragon\www\CIujianonline\public\index.php(37): CodeIgniter\CodeIgniter->run()
#7 {main}
CRITICAL - 2023-04-17 00:12:45 --> Undefined property: stdClass::$id
#0 C:\laragon\www\CIujianonline\app\Views\exams\student.php(82): CodeIgniter\Debug\Exceptions->errorHandler(2, 'Undefined prope...', 'C:\\laragon\\www\\...', 82)
#1 C:\laragon\www\CIujianonline\system\View\View.php(210): include('C:\\laragon\\www\\...')
#2 C:\laragon\www\CIujianonline\system\View\View.php(213): CodeIgniter\View\View->CodeIgniter\View\{closure}()
#3 C:\laragon\www\CIujianonline\system\Common.php(1089): CodeIgniter\View\View->render('exams/student', Array, true)
#4 C:\laragon\www\CIujianonline\app\Controllers\Exams.php(267): view('exams/student', Array)
#5 C:\laragon\www\CIujianonline\system\CodeIgniter.php(832): App\Controllers\Exams->student('11')
#6 C:\laragon\www\CIujianonline\system\CodeIgniter.php(419): CodeIgniter\CodeIgniter->runController(Object(App\Controllers\Exams))
#7 C:\laragon\www\CIujianonline\system\CodeIgniter.php(326): CodeIgniter\CodeIgniter->handleRequest(NULL, Object(Config\Cache), false)
#8 C:\laragon\www\CIujianonline\public\index.php(37): CodeIgniter\CodeIgniter->run()
#9 {main}
CRITICAL - 2023-04-17 00:12:52 --> Undefined property: stdClass::$id
#0 C:\laragon\www\CIujianonline\app\Views\exams\student.php(82): CodeIgniter\Debug\Exceptions->errorHandler(2, 'Undefined prope...', 'C:\\laragon\\www\\...', 82)
#1 C:\laragon\www\CIujianonline\system\View\View.php(210): include('C:\\laragon\\www\\...')
#2 C:\laragon\www\CIujianonline\system\View\View.php(213): CodeIgniter\View\View->CodeIgniter\View\{closure}()
#3 C:\laragon\www\CIujianonline\system\Common.php(1089): CodeIgniter\View\View->render('exams/student', Array, true)
#4 C:\laragon\www\CIujianonline\app\Controllers\Exams.php(267): view('exams/student', Array)
#5 C:\laragon\www\CIujianonline\system\CodeIgniter.php(832): App\Controllers\Exams->student('11')
#6 C:\laragon\www\CIujianonline\system\CodeIgniter.php(419): CodeIgniter\CodeIgniter->runController(Object(App\Controllers\Exams))
#7 C:\laragon\www\CIujianonline\system\CodeIgniter.php(326): CodeIgniter\CodeIgniter->handleRequest(NULL, Object(Config\Cache), false)
#8 C:\laragon\www\CIujianonline\public\index.php(37): CodeIgniter\CodeIgniter->run()
#9 {main}
CRITICAL - 2023-04-17 00:13:55 --> syntax error, unexpected variable "$id", expecting ")"
#0 C:\laragon\www\CIujianonline\system\View\View.php(213): CodeIgniter\View\View->CodeIgniter\View\{closure}()
#1 C:\laragon\www\CIujianonline\system\Common.php(1089): CodeIgniter\View\View->render('exams/student', Array, true)
#2 C:\laragon\www\CIujianonline\app\Controllers\Exams.php(267): view('exams/student', Array)
#3 C:\laragon\www\CIujianonline\system\CodeIgniter.php(832): App\Controllers\Exams->student('11')
#4 C:\laragon\www\CIujianonline\system\CodeIgniter.php(419): CodeIgniter\CodeIgniter->runController(Object(App\Controllers\Exams))
#5 C:\laragon\www\CIujianonline\system\CodeIgniter.php(326): CodeIgniter\CodeIgniter->handleRequest(NULL, Object(Config\Cache), false)
#6 C:\laragon\www\CIujianonline\public\index.php(37): CodeIgniter\CodeIgniter->run()
#7 {main}
CRITICAL - 2023-04-17 01:09:52 --> Unclosed '{' on line 43
#0 C:\laragon\www\CIujianonline\system\View\View.php(213): CodeIgniter\View\View->CodeIgniter\View\{closure}()
#1 C:\laragon\www\CIujianonline\system\Common.php(1089): CodeIgniter\View\View->render('exams/student', Array, true)
#2 C:\laragon\www\CIujianonline\app\Controllers\Exams.php(268): view('exams/student', Array)
#3 C:\laragon\www\CIujianonline\system\CodeIgniter.php(832): App\Controllers\Exams->student('11')
#4 C:\laragon\www\CIujianonline\system\CodeIgniter.php(419): CodeIgniter\CodeIgniter->runController(Object(App\Controllers\Exams))
#5 C:\laragon\www\CIujianonline\system\CodeIgniter.php(326): CodeIgniter\CodeIgniter->handleRequest(NULL, Object(Config\Cache), false)
#6 C:\laragon\www\CIujianonline\public\index.php(37): CodeIgniter\CodeIgniter->run()
#7 {main}
CRITICAL - 2023-04-17 01:14:23 --> Unclosed '{' on line 27
#0 C:\laragon\www\CIujianonline\system\View\View.php(213): CodeIgniter\View\View->CodeIgniter\View\{closure}()
#1 C:\laragon\www\CIujianonline\system\Common.php(1089): CodeIgniter\View\View->render('exams/student', Array, true)
#2 C:\laragon\www\CIujianonline\app\Controllers\Exams.php(268): view('exams/student', Array)
#3 C:\laragon\www\CIujianonline\system\CodeIgniter.php(832): App\Controllers\Exams->student('11')
#4 C:\laragon\www\CIujianonline\system\CodeIgniter.php(419): CodeIgniter\CodeIgniter->runController(Object(App\Controllers\Exams))
#5 C:\laragon\www\CIujianonline\system\CodeIgniter.php(326): CodeIgniter\CodeIgniter->handleRequest(NULL, Object(Config\Cache), false)
#6 C:\laragon\www\CIujianonline\public\index.php(37): CodeIgniter\CodeIgniter->run()
#7 {main}
CRITICAL - 2023-04-17 01:14:40 --> Undefined array key "answer_id"
#0 C:\laragon\www\CIujianonline\app\Views\exams\student.php(56): CodeIgniter\Debug\Exceptions->errorHandler(2, 'Undefined array...', 'C:\\laragon\\www\\...', 56)
#1 C:\laragon\www\CIujianonline\system\View\View.php(210): include('C:\\laragon\\www\\...')
#2 C:\laragon\www\CIujianonline\system\View\View.php(213): CodeIgniter\View\View->CodeIgniter\View\{closure}()
#3 C:\laragon\www\CIujianonline\system\Common.php(1089): CodeIgniter\View\View->render('exams/student', Array, true)
#4 C:\laragon\www\CIujianonline\app\Controllers\Exams.php(268): view('exams/student', Array)
#5 C:\laragon\www\CIujianonline\system\CodeIgniter.php(832): App\Controllers\Exams->student('11')
#6 C:\laragon\www\CIujianonline\system\CodeIgniter.php(419): CodeIgniter\CodeIgniter->runController(Object(App\Controllers\Exams))
#7 C:\laragon\www\CIujianonline\system\CodeIgniter.php(326): CodeIgniter\CodeIgniter->handleRequest(NULL, Object(Config\Cache), false)
#8 C:\laragon\www\CIujianonline\public\index.php(37): CodeIgniter\CodeIgniter->run()
#9 {main}
CRITICAL - 2023-04-17 01:14:59 --> Undefined array key 76
#0 C:\laragon\www\CIujianonline\app\Views\exams\student.php(56): CodeIgniter\Debug\Exceptions->errorHandler(2, 'Undefined array...', 'C:\\laragon\\www\\...', 56)
#1 C:\laragon\www\CIujianonline\system\View\View.php(210): include('C:\\laragon\\www\\...')
#2 C:\laragon\www\CIujianonline\system\View\View.php(213): CodeIgniter\View\View->CodeIgniter\View\{closure}()
#3 C:\laragon\www\CIujianonline\system\Common.php(1089): CodeIgniter\View\View->render('exams/student', Array, true)
#4 C:\laragon\www\CIujianonline\app\Controllers\Exams.php(268): view('exams/student', Array)
#5 C:\laragon\www\CIujianonline\system\CodeIgniter.php(832): App\Controllers\Exams->student('11')
#6 C:\laragon\www\CIujianonline\system\CodeIgniter.php(419): CodeIgniter\CodeIgniter->runController(Object(App\Controllers\Exams))
#7 C:\laragon\www\CIujianonline\system\CodeIgniter.php(326): CodeIgniter\CodeIgniter->handleRequest(NULL, Object(Config\Cache), false)
#8 C:\laragon\www\CIujianonline\public\index.php(37): CodeIgniter\CodeIgniter->run()
#9 {main}
CRITICAL - 2023-04-17 01:15:47 --> Undefined property: stdClass::$id
#0 C:\laragon\www\CIujianonline\app\Views\exams\student.php(56): CodeIgniter\Debug\Exceptions->errorHandler(2, 'Undefined prope...', 'C:\\laragon\\www\\...', 56)
#1 C:\laragon\www\CIujianonline\system\View\View.php(210): include('C:\\laragon\\www\\...')
#2 C:\laragon\www\CIujianonline\system\View\View.php(213): CodeIgniter\View\View->CodeIgniter\View\{closure}()
#3 C:\laragon\www\CIujianonline\system\Common.php(1089): CodeIgniter\View\View->render('exams/student', Array, true)
#4 C:\laragon\www\CIujianonline\app\Controllers\Exams.php(268): view('exams/student', Array)
#5 C:\laragon\www\CIujianonline\system\CodeIgniter.php(832): App\Controllers\Exams->student('11')
#6 C:\laragon\www\CIujianonline\system\CodeIgniter.php(419): CodeIgniter\CodeIgniter->runController(Object(App\Controllers\Exams))
#7 C:\laragon\www\CIujianonline\system\CodeIgniter.php(326): CodeIgniter\CodeIgniter->handleRequest(NULL, Object(Config\Cache), false)
#8 C:\laragon\www\CIujianonline\public\index.php(37): CodeIgniter\CodeIgniter->run()
#9 {main}
CRITICAL - 2023-04-17 01:27:18 --> syntax error, unexpected token "}", expecting "," or ";"
#0 C:\laragon\www\CIujianonline\system\View\View.php(213): CodeIgniter\View\View->CodeIgniter\View\{closure}()
#1 C:\laragon\www\CIujianonline\system\Common.php(1089): CodeIgniter\View\View->render('exams/student', Array, true)
#2 C:\laragon\www\CIujianonline\app\Controllers\Exams.php(268): view('exams/student', Array)
#3 C:\laragon\www\CIujianonline\system\CodeIgniter.php(832): App\Controllers\Exams->student('11')
#4 C:\laragon\www\CIujianonline\system\CodeIgniter.php(419): CodeIgniter\CodeIgniter->runController(Object(App\Controllers\Exams))
#5 C:\laragon\www\CIujianonline\system\CodeIgniter.php(326): CodeIgniter\CodeIgniter->handleRequest(NULL, Object(Config\Cache), false)
#6 C:\laragon\www\CIujianonline\public\index.php(37): CodeIgniter\CodeIgniter->run()
#7 {main}
CRITICAL - 2023-04-17 11:37:56 --> syntax error, unexpected variable "$model"
#0 C:\laragon\www\CIujianonline\system\Router\Router.php(175): CodeIgniter\Router\Router->autoRoute('exams')
#1 C:\laragon\www\CIujianonline\system\CodeIgniter.php(726): CodeIgniter\Router\Router->handle('exams')
#2 C:\laragon\www\CIujianonline\system\CodeIgniter.php(368): CodeIgniter\CodeIgniter->tryToRouteIt(Object(CodeIgniter\Router\RouteCollection))
#3 C:\laragon\www\CIujianonline\system\CodeIgniter.php(326): CodeIgniter\CodeIgniter->handleRequest(NULL, Object(Config\Cache), false)
#4 C:\laragon\www\CIujianonline\public\index.php(37): CodeIgniter\CodeIgniter->run()
#5 {main}
CRITICAL - 2023-04-17 11:38:37 --> Undefined variable $exam_id
#0 C:\laragon\www\CIujianonline\app\Controllers\Exams.php(417): CodeIgniter\Debug\Exceptions->errorHandler(2, 'Undefined varia...', 'C:\\laragon\\www\\...', 417)
#1 C:\laragon\www\CIujianonline\system\CodeIgniter.php(832): App\Controllers\Exams->nilai('11')
#2 C:\laragon\www\CIujianonline\system\CodeIgniter.php(419): CodeIgniter\CodeIgniter->runController(Object(App\Controllers\Exams))
#3 C:\laragon\www\CIujianonline\system\CodeIgniter.php(326): CodeIgniter\CodeIgniter->handleRequest(NULL, Object(Config\Cache), false)
#4 C:\laragon\www\CIujianonline\public\index.php(37): CodeIgniter\CodeIgniter->run()
#5 {main}
CRITICAL - 2023-04-17 11:40:20 -->  route cannot be found while reverse-routing.
#0 C:\laragon\www\CIujianonline\system\HTTP\RedirectResponse.php(56): CodeIgniter\HTTP\Exceptions\HTTPException::forInvalidRedirectRoute('')
#1 C:\laragon\www\CIujianonline\system\Common.php(832): CodeIgniter\HTTP\RedirectResponse->route(false)
#2 C:\laragon\www\CIujianonline\app\Controllers\Exams.php(419): redirect('/exams/list/145')
#3 C:\laragon\www\CIujianonline\system\CodeIgniter.php(832): App\Controllers\Exams->nilai('11')
#4 C:\laragon\www\CIujianonline\system\CodeIgniter.php(419): CodeIgniter\CodeIgniter->runController(Object(App\Controllers\Exams))
#5 C:\laragon\www\CIujianonline\system\CodeIgniter.php(326): CodeIgniter\CodeIgniter->handleRequest(NULL, Object(Config\Cache), false)
#6 C:\laragon\www\CIujianonline\public\index.php(37): CodeIgniter\CodeIgniter->run()
#7 {main}
CRITICAL - 2023-04-17 11:40:35 -->  route cannot be found while reverse-routing.
#0 C:\laragon\www\CIujianonline\system\HTTP\RedirectResponse.php(56): CodeIgniter\HTTP\Exceptions\HTTPException::forInvalidRedirectRoute('')
#1 C:\laragon\www\CIujianonline\system\Common.php(832): CodeIgniter\HTTP\RedirectResponse->route(false)
#2 C:\laragon\www\CIujianonline\app\Controllers\Exams.php(419): redirect('/exams/list/145')
#3 C:\laragon\www\CIujianonline\system\CodeIgniter.php(832): App\Controllers\Exams->nilai('11')
#4 C:\laragon\www\CIujianonline\system\CodeIgniter.php(419): CodeIgniter\CodeIgniter->runController(Object(App\Controllers\Exams))
#5 C:\laragon\www\CIujianonline\system\CodeIgniter.php(326): CodeIgniter\CodeIgniter->handleRequest(NULL, Object(Config\Cache), false)
#6 C:\laragon\www\CIujianonline\public\index.php(37): CodeIgniter\CodeIgniter->run()
#7 {main}
CRITICAL - 2023-04-17 11:40:41 -->  route cannot be found while reverse-routing.
#0 C:\laragon\www\CIujianonline\system\HTTP\RedirectResponse.php(56): CodeIgniter\HTTP\Exceptions\HTTPException::forInvalidRedirectRoute('')
#1 C:\laragon\www\CIujianonline\system\Common.php(832): CodeIgniter\HTTP\RedirectResponse->route(false)
#2 C:\laragon\www\CIujianonline\app\Controllers\Exams.php(419): redirect('/exams/list/145')
#3 C:\laragon\www\CIujianonline\system\CodeIgniter.php(832): App\Controllers\Exams->nilai('11')
#4 C:\laragon\www\CIujianonline\system\CodeIgniter.php(419): CodeIgniter\CodeIgniter->runController(Object(App\Controllers\Exams))
#5 C:\laragon\www\CIujianonline\system\CodeIgniter.php(326): CodeIgniter\CodeIgniter->handleRequest(NULL, Object(Config\Cache), false)
#6 C:\laragon\www\CIujianonline\public\index.php(37): CodeIgniter\CodeIgniter->run()
#7 {main}
CRITICAL - 2023-04-17 11:47:43 --> Undefined property: stdClass::$id
#0 C:\laragon\www\CIujianonline\app\Views\exams\student.php(14): CodeIgniter\Debug\Exceptions->errorHandler(2, 'Undefined prope...', 'C:\\laragon\\www\\...', 14)
#1 C:\laragon\www\CIujianonline\system\View\View.php(210): include('C:\\laragon\\www\\...')
#2 C:\laragon\www\CIujianonline\system\View\View.php(213): CodeIgniter\View\View->CodeIgniter\View\{closure}()
#3 C:\laragon\www\CIujianonline\system\Common.php(1089): CodeIgniter\View\View->render('exams/student', Array, true)
#4 C:\laragon\www\CIujianonline\app\Controllers\Exams.php(268): view('exams/student', Array)
#5 C:\laragon\www\CIujianonline\system\CodeIgniter.php(832): App\Controllers\Exams->student('11')
#6 C:\laragon\www\CIujianonline\system\CodeIgniter.php(419): CodeIgniter\CodeIgniter->runController(Object(App\Controllers\Exams))
#7 C:\laragon\www\CIujianonline\system\CodeIgniter.php(326): CodeIgniter\CodeIgniter->handleRequest(NULL, Object(Config\Cache), false)
#8 C:\laragon\www\CIujianonline\public\index.php(37): CodeIgniter\CodeIgniter->run()
#9 {main}
CRITICAL - 2023-04-17 11:48:15 -->  route cannot be found while reverse-routing.
#0 C:\laragon\www\CIujianonline\system\HTTP\RedirectResponse.php(56): CodeIgniter\HTTP\Exceptions\HTTPException::forInvalidRedirectRoute('')
#1 C:\laragon\www\CIujianonline\system\Common.php(832): CodeIgniter\HTTP\RedirectResponse->route(false)
#2 C:\laragon\www\CIujianonline\app\Controllers\Exams.php(419): redirect('/exams/list/145')
#3 C:\laragon\www\CIujianonline\system\CodeIgniter.php(832): App\Controllers\Exams->nilai('11')
#4 C:\laragon\www\CIujianonline\system\CodeIgniter.php(419): CodeIgniter\CodeIgniter->runController(Object(App\Controllers\Exams))
#5 C:\laragon\www\CIujianonline\system\CodeIgniter.php(326): CodeIgniter\CodeIgniter->handleRequest(NULL, Object(Config\Cache), false)
#6 C:\laragon\www\CIujianonline\public\index.php(37): CodeIgniter\CodeIgniter->run()
#7 {main}
CRITICAL - 2023-04-17 11:48:51 -->  route cannot be found while reverse-routing.
#0 C:\laragon\www\CIujianonline\system\HTTP\RedirectResponse.php(56): CodeIgniter\HTTP\Exceptions\HTTPException::forInvalidRedirectRoute('')
#1 C:\laragon\www\CIujianonline\system\Common.php(832): CodeIgniter\HTTP\RedirectResponse->route(false)
#2 C:\laragon\www\CIujianonline\app\Controllers\Exams.php(419): redirect('/exams/list/145')
#3 C:\laragon\www\CIujianonline\system\CodeIgniter.php(832): App\Controllers\Exams->nilai('11')
#4 C:\laragon\www\CIujianonline\system\CodeIgniter.php(419): CodeIgniter\CodeIgniter->runController(Object(App\Controllers\Exams))
#5 C:\laragon\www\CIujianonline\system\CodeIgniter.php(326): CodeIgniter\CodeIgniter->handleRequest(NULL, Object(Config\Cache), false)
#6 C:\laragon\www\CIujianonline\public\index.php(37): CodeIgniter\CodeIgniter->run()
#7 {main}
CRITICAL - 2023-04-17 11:53:26 -->  route cannot be found while reverse-routing.
#0 C:\laragon\www\CIujianonline\system\HTTP\RedirectResponse.php(56): CodeIgniter\HTTP\Exceptions\HTTPException::forInvalidRedirectRoute('')
#1 C:\laragon\www\CIujianonline\system\Common.php(832): CodeIgniter\HTTP\RedirectResponse->route(false)
#2 C:\laragon\www\CIujianonline\app\Controllers\Exams.php(419): redirect('/exams/list/145')
#3 C:\laragon\www\CIujianonline\system\CodeIgniter.php(832): App\Controllers\Exams->nilai('11')
#4 C:\laragon\www\CIujianonline\system\CodeIgniter.php(419): CodeIgniter\CodeIgniter->runController(Object(App\Controllers\Exams))
#5 C:\laragon\www\CIujianonline\system\CodeIgniter.php(326): CodeIgniter\CodeIgniter->handleRequest(NULL, Object(Config\Cache), false)
#6 C:\laragon\www\CIujianonline\public\index.php(37): CodeIgniter\CodeIgniter->run()
#7 {main}
CRITICAL - 2023-04-17 11:56:59 -->  route cannot be found while reverse-routing.
#0 C:\laragon\www\CIujianonline\system\HTTP\RedirectResponse.php(56): CodeIgniter\HTTP\Exceptions\HTTPException::forInvalidRedirectRoute('')
#1 C:\laragon\www\CIujianonline\system\Common.php(832): CodeIgniter\HTTP\RedirectResponse->route(false)
#2 C:\laragon\www\CIujianonline\app\Controllers\Exams.php(419): redirect('/exams/list/145')
#3 C:\laragon\www\CIujianonline\system\CodeIgniter.php(832): App\Controllers\Exams->nilai('11')
#4 C:\laragon\www\CIujianonline\system\CodeIgniter.php(419): CodeIgniter\CodeIgniter->runController(Object(App\Controllers\Exams))
#5 C:\laragon\www\CIujianonline\system\CodeIgniter.php(326): CodeIgniter\CodeIgniter->handleRequest(NULL, Object(Config\Cache), false)
#6 C:\laragon\www\CIujianonline\public\index.php(37): CodeIgniter\CodeIgniter->run()
#7 {main}
CRITICAL - 2023-04-17 11:57:15 -->  route cannot be found while reverse-routing.
#0 C:\laragon\www\CIujianonline\system\HTTP\RedirectResponse.php(56): CodeIgniter\HTTP\Exceptions\HTTPException::forInvalidRedirectRoute('')
#1 C:\laragon\www\CIujianonline\system\Common.php(832): CodeIgniter\HTTP\RedirectResponse->route(false)
#2 C:\laragon\www\CIujianonline\app\Controllers\Exams.php(419): redirect('/exams/list/145')
#3 C:\laragon\www\CIujianonline\system\CodeIgniter.php(832): App\Controllers\Exams->nilai('11')
#4 C:\laragon\www\CIujianonline\system\CodeIgniter.php(419): CodeIgniter\CodeIgniter->runController(Object(App\Controllers\Exams))
#5 C:\laragon\www\CIujianonline\system\CodeIgniter.php(326): CodeIgniter\CodeIgniter->handleRequest(NULL, Object(Config\Cache), false)
#6 C:\laragon\www\CIujianonline\public\index.php(37): CodeIgniter\CodeIgniter->run()
#7 {main}
ERROR - 2023-04-17 13:07:36 --> Unknown column 'students.id' in 'field list'
CRITICAL - 2023-04-17 13:07:36 --> Call to a member function getResult() on bool
#0 C:\laragon\www\CIujianonline\app\Controllers\Classes.php(31): App\Models\M_model->classes('classes', 'students', 'classes.class_i...')
#1 C:\laragon\www\CIujianonline\system\CodeIgniter.php(832): App\Controllers\Classes->index()
#2 C:\laragon\www\CIujianonline\system\CodeIgniter.php(419): CodeIgniter\CodeIgniter->runController(Object(App\Controllers\Classes))
#3 C:\laragon\www\CIujianonline\system\CodeIgniter.php(326): CodeIgniter\CodeIgniter->handleRequest(NULL, Object(Config\Cache), false)
#4 C:\laragon\www\CIujianonline\public\index.php(37): CodeIgniter\CodeIgniter->run()
#5 {main}
CRITICAL - 2023-04-17 13:38:29 --> syntax error, unexpected variable "$exams"
#0 C:\laragon\www\CIujianonline\system\Router\Router.php(175): CodeIgniter\Router\Router->autoRoute('user')
#1 C:\laragon\www\CIujianonline\system\CodeIgniter.php(726): CodeIgniter\Router\Router->handle('user')
#2 C:\laragon\www\CIujianonline\system\CodeIgniter.php(368): CodeIgniter\CodeIgniter->tryToRouteIt(Object(CodeIgniter\Router\RouteCollection))
#3 C:\laragon\www\CIujianonline\system\CodeIgniter.php(326): CodeIgniter\CodeIgniter->handleRequest(NULL, Object(Config\Cache), false)
#4 C:\laragon\www\CIujianonline\public\index.php(37): CodeIgniter\CodeIgniter->run()
#5 {main}
ERROR - 2023-04-17 13:38:48 --> You have an error in your SQL syntax; check the manual that corresponds to your MySQL server version for the right syntax to use near ':0:' at line 5
CRITICAL - 2023-04-17 13:38:48 --> Call to a member function getResult() on bool
#0 C:\laragon\www\CIujianonline\app\Controllers\User.php(36): App\Models\M_model->super_w('exams', 'classes', 'teachers', 'exams.class_id=...', 'exams.teacher_i...', Array)
#1 C:\laragon\www\CIujianonline\system\CodeIgniter.php(832): App\Controllers\User->index()
#2 C:\laragon\www\CIujianonline\system\CodeIgniter.php(419): CodeIgniter\CodeIgniter->runController(Object(App\Controllers\User))
#3 C:\laragon\www\CIujianonline\system\CodeIgniter.php(326): CodeIgniter\CodeIgniter->handleRequest(NULL, Object(Config\Cache), false)
#4 C:\laragon\www\CIujianonline\public\index.php(37): CodeIgniter\CodeIgniter->run()
#5 {main}
